<?xml version="1.0" encoding="UTF-8"?>
<testng-results ignored="0" total="2" passed="1" failed="1" skipped="0">
  <reporter-output>
  </reporter-output>
  <suite started-at="2022-08-30T16:22:43 IST" name="Default suite" finished-at="2022-08-30T16:22:50 IST" duration-ms="7505">
    <groups>
    </groups>
    <test started-at="2022-08-30T16:22:43 IST" name="Default test" finished-at="2022-08-30T16:22:50 IST" duration-ms="7505">
      <class name="DeletePet">
        <test-method is-config="true" signature="startReport()[pri:0, instance:DeletePet@1e54cb33]" started-at="2022-08-30T16:22:43 IST" name="startReport" finished-at="2022-08-30T16:22:43 IST" duration-ms="421" status="PASS">
          <reporter-output>
          </reporter-output>
        </test-method> <!-- startReport -->
        <test-method is-config="true" signature="setup()[pri:0, instance:DeletePet@1e54cb33]" started-at="2022-08-30T16:22:43 IST" name="setup" finished-at="2022-08-30T16:22:45 IST" depends-on-methods="test1.ExtentReport.startReport" duration-ms="1657" status="PASS">
          <reporter-output>
          </reporter-output>
        </test-method> <!-- setup -->
        <test-method signature="deleteRequest()[pri:0, instance:DeletePet@1e54cb33]" started-at="2022-08-30T16:22:45 IST" name="deleteRequest" finished-at="2022-08-30T16:22:48 IST" duration-ms="3403" status="PASS">
          <reporter-output>
          </reporter-output>
        </test-method> <!-- deleteRequest -->
        <test-method is-config="true" signature="getResult(org.testng.ITestResult)[pri:0, instance:DeletePet@1e54cb33]" started-at="2022-08-30T16:22:48 IST" name="getResult" finished-at="2022-08-30T16:22:48 IST" duration-ms="15" status="PASS">
          <params>
            <param index="0">
              <value>
                <![CDATA[[TestResult name=deleteRequest status=SUCCESS method=DeletePet.deleteRequest()[pri:0, instance:DeletePet@1e54cb33] output={null}]]]>
              </value>
            </param>
          </params>
          <reporter-output>
          </reporter-output>
        </test-method> <!-- getResult -->
        <test-method signature="deleteinvalidid()[pri:2, instance:DeletePet@1e54cb33]" started-at="2022-08-30T16:22:48 IST" name="deleteinvalidid" finished-at="2022-08-30T16:22:50 IST" duration-ms="1457" status="FAIL">
          <exception class="java.lang.AssertionError">
            <message>
              <![CDATA[expected [true] but found [false]]]>
            </message>
            <full-stacktrace>
              <![CDATA[java.lang.AssertionError: expected [true] but found [false]
at org.testng.Assert.fail(Assert.java:99)
at org.testng.Assert.failNotEquals(Assert.java:1037)
at org.testng.Assert.assertEqualsImpl(Assert.java:140)
at org.testng.Assert.assertEquals(Assert.java:122)
at org.testng.Assert.assertEquals(Assert.java:819)
at org.testng.Assert.assertEquals(Assert.java:829)
at DeletePet.deleteinvalidid(DeletePet.java:62)
at java.base/jdk.internal.reflect.DirectMethodHandleAccessor.invoke(DirectMethodHandleAccessor.java:104)
at java.base/java.lang.reflect.Method.invoke(Method.java:577)
at org.testng.internal.MethodInvocationHelper.invokeMethod(MethodInvocationHelper.java:133)
at org.testng.internal.TestInvoker.invokeMethod(TestInvoker.java:598)
at org.testng.internal.TestInvoker.invokeTestMethod(TestInvoker.java:173)
at org.testng.internal.MethodRunner.runInSequence(MethodRunner.java:46)
at org.testng.internal.TestInvoker$MethodInvocationAgent.invoke(TestInvoker.java:824)
at org.testng.internal.TestInvoker.invokeTestMethods(TestInvoker.java:146)
at org.testng.internal.TestMethodWorker.invokeTestMethods(TestMethodWorker.java:146)
at org.testng.internal.TestMethodWorker.run(TestMethodWorker.java:128)
at java.base/java.util.ArrayList.forEach(ArrayList.java:1511)
at org.testng.TestRunner.privateRun(TestRunner.java:794)
at org.testng.TestRunner.run(TestRunner.java:596)
at org.testng.SuiteRunner.runTest(SuiteRunner.java:377)
at org.testng.SuiteRunner.runSequentially(SuiteRunner.java:371)
at org.testng.SuiteRunner.privateRun(SuiteRunner.java:332)
at org.testng.SuiteRunner.run(SuiteRunner.java:276)
at org.testng.SuiteRunnerWorker.runSuite(SuiteRunnerWorker.java:53)
at org.testng.SuiteRunnerWorker.run(SuiteRunnerWorker.java:96)
at org.testng.TestNG.runSuitesSequentially(TestNG.java:1212)
at org.testng.TestNG.runSuitesLocally(TestNG.java:1134)
at org.testng.TestNG.runSuites(TestNG.java:1063)
at org.testng.TestNG.run(TestNG.java:1031)
at org.testng.remote.AbstractRemoteTestNG.run(AbstractRemoteTestNG.java:115)
at org.testng.remote.RemoteTestNG.initAndRun(RemoteTestNG.java:251)
at org.testng.remote.RemoteTestNG.main(RemoteTestNG.java:77)
]]>
            </full-stacktrace>
          </exception> <!-- java.lang.AssertionError -->
          <reporter-output>
          </reporter-output>
        </test-method> <!-- deleteinvalidid -->
        <test-method is-config="true" signature="getResult(org.testng.ITestResult)[pri:0, instance:DeletePet@1e54cb33]" started-at="2022-08-30T16:22:50 IST" name="getResult" finished-at="2022-08-30T16:22:50 IST" duration-ms="0" status="PASS">
          <params>
            <param index="0">
              <value>
                <![CDATA[[TestResult name=deleteinvalidid status=FAILURE method=DeletePet.deleteinvalidid()[pri:2, instance:DeletePet@1e54cb33] output={null}]]]>
              </value>
            </param>
          </params>
          <reporter-output>
          </reporter-output>
        </test-method> <!-- getResult -->
        <test-method is-config="true" signature="endReport()[pri:0, instance:DeletePet@1e54cb33]" started-at="2022-08-30T16:22:50 IST" name="endReport" finished-at="2022-08-30T16:22:50 IST" duration-ms="334" status="PASS">
          <reporter-output>
          </reporter-output>
        </test-method> <!-- endReport -->
      </class> <!-- DeletePet -->
    </test> <!-- Default test -->
  </suite> <!-- Default suite -->
</testng-results>
